2023-02-16 09:37:15,773 [INFO] Activator:179 - 


2023-02-16 09:37:15,774 [INFO] Activator:180 - !SESSION log4j initialized
2023-02-16 09:37:46,793 [ERROR] LogOutputStream:74 - [STDERR_REDIRECT] SLF4J: Failed to load class "org.slf4j.impl.StaticLoggerBinder".
2023-02-16 09:37:46,796 [ERROR] LogOutputStream:74 - [STDERR_REDIRECT] SLF4J: Defaulting to no-operation (NOP) logger implementation
2023-02-16 09:37:46,802 [ERROR] LogOutputStream:74 - [STDERR_REDIRECT] SLF4J: See http://www.slf4j.org/codes.html#StaticLoggerBinder for further details.
2023-02-16 09:39:11,481 [INFO] McuFinderGlobals:52 - Set McuFinder mode to 2 (CubeIDE integrated)
2023-02-16 09:39:11,819 [INFO] ApplicationProperties:181 - Using Application install path: C:\ST\STM32CubeIDE_1.11.2\STM32CubeIDE\plugins\com.st.stm32cube.common.mx_6.7.0.202301130839
2023-02-16 09:39:11,845 [INFO] DbMcusXml:77 - Set database path to: C:\ST\STM32CubeIDE_1.11.2\STM32CubeIDE\plugins\com.st.stm32cube.common.mx_6.7.0.202301130839\\db\/mcu/
2023-02-16 09:39:11,846 [INFO] ApiDb:273 - Set plugin database path to: C:\ST\STM32CubeIDE_1.11.2\STM32CubeIDE\plugins\com.st.stm32cube.common.mx_6.7.0.202301130839\\db\/plugins/boardmanager/
2023-02-16 09:39:11,848 [WARN] ApiDb:258 - Overriding images path with different value:  => C:\ST\STM32CubeIDE_1.11.2\STM32CubeIDE\plugins\com.st.stm32cube.common.mx_6.7.0.202301130839\\db\/plugins/mcufinder/images/
2023-02-16 09:39:11,874 [INFO] ApiDb:249 - Set database path to: C:\Users\Windows\.stmcufinder\plugins\mcufinder//mcu/
2023-02-16 09:39:11,875 [INFO] DbMcusAds:124 - Set database path to: C:\Users\Windows\.stmcufinder\plugins\mcufinder//mcu/
2023-02-16 09:39:11,884 [INFO] CrossReferenceDbSqlite:202 - Set database path to: C:\Users\Windows\.stmcufinder\plugins\mcufinder//mcu/cs/
2023-02-16 09:39:12,030 [INFO] RulesReader:61 - Compatibility file has been processed (283 Rules)
2023-02-16 09:39:12,155 [INFO] DbMcusXml:77 - Set database path to: C:\ST\STM32CubeIDE_1.11.2\STM32CubeIDE\plugins\com.st.stm32cube.common.mx_6.7.0.202301130839\\db\/mcu/
2023-02-16 09:39:12,155 [INFO] ApiDb:273 - Set plugin database path to: C:\ST\STM32CubeIDE_1.11.2\STM32CubeIDE\plugins\com.st.stm32cube.common.mx_6.7.0.202301130839\\db\/plugins/boardmanager/
2023-02-16 09:39:12,156 [INFO] ApiDb:260 - Set plugin images path to: C:\ST\STM32CubeIDE_1.11.2\STM32CubeIDE\plugins\com.st.stm32cube.common.mx_6.7.0.202301130839\\db\/plugins/mcufinder/images/
2023-02-16 09:39:12,156 [WARN] DbFile:40 - Overriding database path with different value: C:\Users\Windows\.stmcufinder\plugins\mcufinder/ => C:\Users\Windows\.stmcufinder\plugins\mcufinder
2023-02-16 09:39:12,156 [INFO] ApiDb:249 - Set database path to: C:\Users\Windows\.stmcufinder\plugins\mcufinder//mcu/
2023-02-16 09:39:12,156 [WARN] DbFile:40 - Overriding database path with different value: C:\Users\Windows\.stmcufinder\plugins\mcufinder/ => C:\Users\Windows\.stmcufinder\plugins\mcufinder
2023-02-16 09:39:12,156 [INFO] DbMcusAds:124 - Set database path to: C:\Users\Windows\.stmcufinder\plugins\mcufinder//mcu/
2023-02-16 09:39:12,157 [WARN] DbFile:40 - Overriding database path with different value: C:\Users\Windows\.stmcufinder\plugins\mcufinder/ => C:\Users\Windows\.stmcufinder\plugins\mcufinder
2023-02-16 09:39:12,157 [WARN] DbFile:40 - Overriding database path with different value: C:\Users\Windows\.stmcufinder\plugins\mcufinder/ => C:\Users\Windows\.stmcufinder\plugins\mcufinder
2023-02-16 09:39:12,157 [INFO] CrossReferenceDbSqlite:202 - Set database path to: C:\Users\Windows\.stmcufinder\plugins\mcufinder//mcu/cs/
2023-02-16 09:39:12,261 [INFO] MainPanel:252 - HeapMemory: 414187520
2023-02-16 09:39:12,428 [INFO] DbMcusXml:77 - Set database path to: C:\ST\STM32CubeIDE_1.11.2\STM32CubeIDE\plugins\com.st.stm32cube.common.mx_6.7.0.202301130839\\db\/mcu/
2023-02-16 09:39:12,428 [INFO] ApiDb:273 - Set plugin database path to: C:\ST\STM32CubeIDE_1.11.2\STM32CubeIDE\plugins\com.st.stm32cube.common.mx_6.7.0.202301130839\\db\/plugins/boardmanager/
2023-02-16 09:39:12,428 [INFO] ApiDb:260 - Set plugin images path to: C:\ST\STM32CubeIDE_1.11.2\STM32CubeIDE\plugins\com.st.stm32cube.common.mx_6.7.0.202301130839\\db\/plugins/mcufinder/images/
2023-02-16 09:39:12,429 [WARN] DbFile:40 - Overriding database path with different value: C:\Users\Windows\.stmcufinder\plugins\mcufinder/ => C:\Users\Windows\.stmcufinder\plugins\mcufinder
2023-02-16 09:39:12,429 [INFO] ApiDb:249 - Set database path to: C:\Users\Windows\.stmcufinder\plugins\mcufinder//mcu/
2023-02-16 09:39:12,429 [WARN] DbFile:40 - Overriding database path with different value: C:\Users\Windows\.stmcufinder\plugins\mcufinder/ => C:\Users\Windows\.stmcufinder\plugins\mcufinder
2023-02-16 09:39:12,429 [INFO] DbMcusAds:124 - Set database path to: C:\Users\Windows\.stmcufinder\plugins\mcufinder//mcu/
2023-02-16 09:39:12,429 [WARN] DbFile:40 - Overriding database path with different value: C:\Users\Windows\.stmcufinder\plugins\mcufinder/ => C:\Users\Windows\.stmcufinder\plugins\mcufinder
2023-02-16 09:39:12,429 [WARN] DbFile:40 - Overriding database path with different value: C:\Users\Windows\.stmcufinder\plugins\mcufinder/ => C:\Users\Windows\.stmcufinder\plugins\mcufinder
2023-02-16 09:39:12,430 [INFO] CrossReferenceDbSqlite:202 - Set database path to: C:\Users\Windows\.stmcufinder\plugins\mcufinder//mcu/cs/
2023-02-16 09:39:12,467 [INFO] ApplicationProperties:181 - Using Application install path: C:\ST\STM32CubeIDE_1.11.2\STM32CubeIDE\plugins\com.st.stm32cube.common.mx_6.7.0.202301130839
2023-02-16 09:39:12,469 [INFO] PluginManage:193 - Search for loadable plugins [exclusion list=, ]
2023-02-16 09:39:12,470 [INFO] PluginManage:307 - Check plugin analytics
2023-02-16 09:39:12,656 [INFO] AnalyticsPlugin:262 - Accepted Software Licenses: STM32CubeMX.6.6.1
2023-02-16 09:39:12,657 [INFO] AnalyticsPlugin:264 - Accepted CMSIS Pack Licenses: 
2023-02-16 09:39:12,659 [INFO] AnalyticsPlugin:266 - Accepted Firmware Licenses: FW.F4.1.27.0
2023-02-16 09:39:12,674 [INFO] PluginManage:356 - Loaded plugin analytics (category:tool,tabindex:-1)
2023-02-16 09:39:12,675 [INFO] PluginManage:307 - Check plugin cadmodel
2023-02-16 09:39:12,686 [INFO] CADModel:104 - Init CAD model plugin
2023-02-16 09:39:12,687 [INFO] PluginManage:356 - Loaded plugin cadmodel (category:power,tabindex:5)
2023-02-16 09:39:12,687 [INFO] PluginManage:307 - Check plugin clock
2023-02-16 09:39:12,710 [INFO] PluginManage:356 - Loaded plugin clock (category:base,tabindex:2)
2023-02-16 09:39:12,710 [INFO] PluginManage:307 - Check plugin ddr
2023-02-16 09:39:12,714 [INFO] PluginManage:356 - Loaded plugin ddr (category:tool,tabindex:6)
2023-02-16 09:39:12,715 [INFO] PluginManage:307 - Check plugin filemanager
2023-02-16 09:39:12,894 [INFO] PluginManage:356 - Loaded plugin filemanager (category:base,tabindex:10)
2023-02-16 09:39:12,894 [INFO] PluginManage:307 - Check plugin ipmanager
2023-02-16 09:39:12,904 [INFO] PluginManage:356 - Loaded plugin ipmanager (category:base,tabindex:5)
2023-02-16 09:39:12,904 [INFO] PluginManage:307 - Check plugin lpbam
2023-02-16 09:39:12,915 [INFO] PluginManage:356 - Loaded plugin lpbam (category:base,tabindex:0)
2023-02-16 09:39:12,915 [INFO] PluginManage:307 - Check plugin pinoutandconfiguration
2023-02-16 09:39:12,926 [INFO] PluginManage:356 - Loaded plugin pinoutandconfiguration (category:base,tabindex:1)
2023-02-16 09:39:12,927 [INFO] PluginManage:307 - Check plugin pinoutconfig
2023-02-16 09:39:12,972 [INFO] PluginManage:356 - Loaded plugin pinoutconfig (category:base,tabindex:0)
2023-02-16 09:39:12,973 [INFO] PluginManage:307 - Check plugin power
2023-02-16 09:39:12,989 [INFO] PluginManage:356 - Loaded plugin power (category:power,tabindex:4)
2023-02-16 09:39:12,989 [INFO] PluginManage:307 - Check plugin projectmanager
2023-02-16 09:39:13,008 [INFO] PluginManage:356 - Loaded plugin projectmanager (category:projectmanager,tabindex:3)
2023-02-16 09:39:13,009 [INFO] PluginManage:307 - Check plugin thirdparty
2023-02-16 09:39:13,194 [WARN] IntegrityCheckThread:82 - waiting for thirdparty lock release [integrity check]
2023-02-16 09:39:13,195 [INFO] PluginManage:356 - Loaded plugin thirdparty (category:base,tabindex:-1)
2023-02-16 09:39:13,195 [INFO] IntegrityCheckThread:84 - entering critical section [integrity check]
2023-02-16 09:39:13,195 [INFO] PluginManage:307 - Check plugin tools
2023-02-16 09:39:13,202 [INFO] ThirdPartyUpdaterWithRetryManager:70 - Updater plugin not ready yet. [1/15]
2023-02-16 09:39:13,205 [INFO] PluginManage:356 - Loaded plugin tools (category:base,tabindex:7)
2023-02-16 09:39:13,205 [INFO] PluginManage:307 - Check plugin tutovideos
2023-02-16 09:39:13,477 [INFO] PluginManage:356 - Loaded plugin tutovideos (category:base,tabindex:-1)
2023-02-16 09:39:13,477 [INFO] PluginManage:307 - Check plugin updater
2023-02-16 09:39:13,498 [INFO] PluginManage:356 - Loaded plugin updater (category:base,tabindex:12)
2023-02-16 09:39:13,499 [INFO] PluginManage:280 - PluginManage : Loaded plugins [15]
2023-02-16 09:39:13,841 [INFO] PinOutPanel:1477 - setPackage(No Configuration,No Configuration)
2023-02-16 09:39:13,927 [INFO] CADModel:164 - CPN selected for project level
2023-02-16 09:39:13,928 [INFO] CADModel:113 - Register for checkConnection events
2023-02-16 09:39:13,949 [INFO] IPUIPlugin:79 - create IPUIPlugin
2023-02-16 09:39:13,949 [INFO] PluginManager:219 - loadIPPluginJar : add adc
2023-02-16 09:39:13,953 [INFO] IPUIPlugin:79 - create IPUIPlugin
2023-02-16 09:39:13,953 [INFO] PluginManager:219 - loadIPPluginJar : add aes
2023-02-16 09:39:13,957 [INFO] IPUIPlugin:79 - create IPUIPlugin
2023-02-16 09:39:13,957 [INFO] PluginManager:219 - loadIPPluginJar : add can
2023-02-16 09:39:13,959 [INFO] IPUIPlugin:79 - create IPUIPlugin
2023-02-16 09:39:13,959 [INFO] PluginManager:219 - loadIPPluginJar : add comp
2023-02-16 09:39:13,962 [INFO] IPUIPlugin:79 - create IPUIPlugin
2023-02-16 09:39:13,963 [INFO] PluginManager:219 - loadIPPluginJar : add cryp
2023-02-16 09:39:13,966 [INFO] IPUIPlugin:79 - create IPUIPlugin
2023-02-16 09:39:13,966 [INFO] PluginManager:219 - loadIPPluginJar : add dfsdm
2023-02-16 09:39:13,976 [INFO] IPUIPlugin:79 - create IPUIPlugin
2023-02-16 09:39:13,977 [INFO] PluginManager:219 - loadIPPluginJar : add dma
2023-02-16 09:39:13,981 [INFO] IPUIPlugin:79 - create IPUIPlugin
2023-02-16 09:39:13,981 [INFO] PluginManager:219 - loadIPPluginJar : add dma3
2023-02-16 09:39:13,983 [INFO] IPUIPlugin:79 - create IPUIPlugin
2023-02-16 09:39:13,984 [INFO] PluginManager:219 - loadIPPluginJar : add fatfs
2023-02-16 09:39:13,991 [INFO] IPUIPlugin:79 - create IPUIPlugin
2023-02-16 09:39:13,991 [INFO] PluginManager:219 - loadIPPluginJar : add fmc
2023-02-16 09:39:14,000 [INFO] IPUIPlugin:79 - create IPUIPlugin
2023-02-16 09:39:14,000 [INFO] PluginManager:219 - loadIPPluginJar : add freertos
2023-02-16 09:39:14,002 [INFO] IPUIPlugin:79 - create IPUIPlugin
2023-02-16 09:39:14,002 [INFO] PluginManager:219 - loadIPPluginJar : add genericplugin
2023-02-16 09:39:14,005 [INFO] IPUIPlugin:79 - create IPUIPlugin
2023-02-16 09:39:14,005 [INFO] PluginManager:219 - loadIPPluginJar : add gfxmmu
2023-02-16 09:39:14,011 [INFO] IPUIPlugin:79 - create IPUIPlugin
2023-02-16 09:39:14,011 [INFO] PluginManager:219 - loadIPPluginJar : add gic
2023-02-16 09:39:14,016 [INFO] IPUIPlugin:79 - create IPUIPlugin
2023-02-16 09:39:14,016 [INFO] PluginManager:219 - loadIPPluginJar : add gpio
2023-02-16 09:39:14,020 [INFO] IPUIPlugin:79 - create IPUIPlugin
2023-02-16 09:39:14,020 [INFO] PluginManager:219 - loadIPPluginJar : add gtzc
2023-02-16 09:39:14,023 [INFO] IPUIPlugin:79 - create IPUIPlugin
2023-02-16 09:39:14,024 [INFO] PluginManager:219 - loadIPPluginJar : add hash
2023-02-16 09:39:14,027 [INFO] IPUIPlugin:79 - create IPUIPlugin
2023-02-16 09:39:14,027 [INFO] PluginManager:219 - loadIPPluginJar : add i2c
2023-02-16 09:39:14,030 [INFO] IPUIPlugin:79 - create IPUIPlugin
2023-02-16 09:39:14,030 [INFO] PluginManager:219 - loadIPPluginJar : add i2s
2023-02-16 09:39:14,034 [INFO] IPUIPlugin:79 - create IPUIPlugin
2023-02-16 09:39:14,034 [INFO] PluginManager:219 - loadIPPluginJar : add ipddr
2023-02-16 09:39:14,042 [INFO] IPUIPlugin:79 - create IPUIPlugin
2023-02-16 09:39:14,043 [INFO] PluginManager:219 - loadIPPluginJar : add linkedlist
2023-02-16 09:39:14,047 [INFO] IPUIPlugin:79 - create IPUIPlugin
2023-02-16 09:39:14,047 [INFO] PluginManager:219 - loadIPPluginJar : add lorawan
2023-02-16 09:39:14,049 [INFO] IPUIPlugin:79 - create IPUIPlugin
2023-02-16 09:39:14,049 [INFO] PluginManager:219 - loadIPPluginJar : add ltdc
2023-02-16 09:39:14,055 [INFO] IPUIPlugin:79 - create IPUIPlugin
2023-02-16 09:39:14,055 [INFO] PluginManager:219 - loadIPPluginJar : add mdma
2023-02-16 09:39:14,060 [INFO] IPUIPlugin:79 - create IPUIPlugin
2023-02-16 09:39:14,060 [INFO] PluginManager:219 - loadIPPluginJar : add nvic
2023-02-16 09:39:14,064 [INFO] IPUIPlugin:79 - create IPUIPlugin
2023-02-16 09:39:14,064 [INFO] PluginManager:219 - loadIPPluginJar : add opamp
2023-02-16 09:39:14,067 [INFO] IPUIPlugin:79 - create IPUIPlugin
2023-02-16 09:39:14,069 [INFO] PluginManager:219 - loadIPPluginJar : add openamp
2023-02-16 09:39:14,075 [INFO] IPUIPlugin:79 - create IPUIPlugin
2023-02-16 09:39:14,075 [INFO] PluginManager:219 - loadIPPluginJar : add pdm2pcm
2023-02-16 09:39:14,082 [INFO] IPUIPlugin:79 - create IPUIPlugin
2023-02-16 09:39:14,085 [INFO] PluginManager:219 - loadIPPluginJar : add plateformsettings
2023-02-16 09:39:14,087 [INFO] IPUIPlugin:79 - create IPUIPlugin
2023-02-16 09:39:14,087 [INFO] PluginManager:219 - loadIPPluginJar : add quadspi
2023-02-16 09:39:14,094 [INFO] IPUIPlugin:79 - create IPUIPlugin
2023-02-16 09:39:14,094 [INFO] PluginManager:219 - loadIPPluginJar : add resmgrutility
2023-02-16 09:39:14,098 [INFO] IPUIPlugin:79 - create IPUIPlugin
2023-02-16 09:39:14,098 [INFO] PluginManager:219 - loadIPPluginJar : add sai
2023-02-16 09:39:14,100 [INFO] IPUIPlugin:79 - create IPUIPlugin
2023-02-16 09:39:14,100 [INFO] PluginManager:219 - loadIPPluginJar : add spi
2023-02-16 09:39:14,106 [INFO] IPUIPlugin:79 - create IPUIPlugin
2023-02-16 09:39:14,106 [INFO] PluginManager:219 - loadIPPluginJar : add stm32_wpan
2023-02-16 09:39:14,109 [INFO] IPUIPlugin:79 - create IPUIPlugin
2023-02-16 09:39:14,109 [INFO] PluginManager:219 - loadIPPluginJar : add tim
2023-02-16 09:39:14,112 [INFO] IPUIPlugin:79 - create IPUIPlugin
2023-02-16 09:39:14,112 [INFO] PluginManager:219 - loadIPPluginJar : add touchsensing
2023-02-16 09:39:14,115 [INFO] IPUIPlugin:79 - create IPUIPlugin
2023-02-16 09:39:14,115 [INFO] PluginManager:219 - loadIPPluginJar : add tracer_emb
2023-02-16 09:39:14,118 [INFO] IPUIPlugin:79 - create IPUIPlugin
2023-02-16 09:39:14,118 [INFO] PluginManager:219 - loadIPPluginJar : add ts
2023-02-16 09:39:14,120 [INFO] IPUIPlugin:79 - create IPUIPlugin
2023-02-16 09:39:14,120 [INFO] PluginManager:219 - loadIPPluginJar : add tsc
2023-02-16 09:39:14,122 [INFO] IPUIPlugin:79 - create IPUIPlugin
2023-02-16 09:39:14,122 [INFO] PluginManager:219 - loadIPPluginJar : add ucpd
2023-02-16 09:39:14,125 [INFO] IPUIPlugin:79 - create IPUIPlugin
2023-02-16 09:39:14,125 [INFO] PluginManager:219 - loadIPPluginJar : add usart
2023-02-16 09:39:14,129 [INFO] IPUIPlugin:79 - create IPUIPlugin
2023-02-16 09:39:14,129 [INFO] PluginManager:219 - loadIPPluginJar : add usbx
2023-02-16 09:39:14,275 [INFO] CADModel:164 - CPN selected for project level
2023-02-16 09:39:14,275 [INFO] CADModel:113 - Register for checkConnection events
2023-02-16 09:39:14,276 [FATAL] Updater:308 - Updater called before beeing initialized
2023-02-16 09:39:14,276 [ERROR] CADModel:124 - Updater not yet initialized, retry later 
2023-02-16 09:39:14,497 [INFO] CADModel:164 - CPN selected for project level
2023-02-16 09:39:14,497 [INFO] CADModel:113 - Register for checkConnection events
2023-02-16 09:39:14,498 [FATAL] Updater:308 - Updater called before beeing initialized
2023-02-16 09:39:14,498 [ERROR] CADModel:124 - Updater not yet initialized, retry later 
2023-02-16 09:39:14,501 [FATAL] Updater:308 - Updater called before beeing initialized
2023-02-16 09:39:14,654 [FATAL] Updater:308 - Updater called before beeing initialized
2023-02-16 09:39:14,664 [INFO] DbMcusAds:52 - JSON generation date=Wed Jan 18 21:17:18 ICT 2023 (1674051438939)
2023-02-16 09:39:14,664 [FATAL] Updater:308 - Updater called before beeing initialized
2023-02-16 09:39:14,725 [WARN] DetailPanel:344 - Failed to get advertising image, set to default
2023-02-16 09:39:14,873 [FATAL] Updater:308 - Updater called before beeing initialized
2023-02-16 09:39:14,876 [FATAL] Updater:308 - Updater called before beeing initialized
2023-02-16 09:39:14,876 [FATAL] Updater:308 - Updater called before beeing initialized
2023-02-16 09:39:14,877 [WARN] DetailPanel:344 - Failed to get advertising image, set to default
2023-02-16 09:39:14,877 [FATAL] Updater:308 - Updater called before beeing initialized
2023-02-16 09:39:14,946 [ERROR] Updater:1120 - MainUpdater not yet initialized. External WinMGr cannot be set.
2023-02-16 09:39:14,957 [INFO] Updater:1056 - Updater Version found : 6.7.0
2023-02-16 09:39:14,980 [INFO] ApplicationProperties:181 - Using Application install path: C:\ST\STM32CubeIDE_1.11.2\STM32CubeIDE\plugins\com.st.stm32cube.common.mx_6.7.0.202301130839
2023-02-16 09:39:15,039 [INFO] MainUpdater:518 - Copy updater definitions from MX database
2023-02-16 09:39:15,280 [INFO] MainUpdater:2800 - connection check result : 10
2023-02-16 09:39:15,281 [INFO] MainUpdater:3494 - Updater definition file requires update
2023-02-16 09:39:15,282 [INFO] MainUpdater:282 - Updater Check For Update Now.
2023-02-16 09:39:15,282 [INFO] MicroXplorer:481 - Change Database Version : DB.6.0.70
2023-02-16 09:39:15,319 [INFO] ServerAccessManage:474 - Download File updaters.zip
2023-02-16 09:39:15,442 [INFO] FileExtend:239 - Unzip File : updaters.zip
2023-02-16 09:39:15,442 [INFO] FileExtend:254 - Standard Zip Deflate
2023-02-16 09:39:16,043 [INFO] ServerAccessManage:474 - Download File PacksControlFlags.xml
2023-02-16 09:39:16,220 [WARN] MainUpdater:1186 - Updater busy. Cannot search thirdparties
2023-02-16 09:39:16,221 [INFO] ThirdPartyUpdaterWithRetryManager:96 - Updater plugin is busy. [1/15]
2023-02-16 09:39:16,223 [INFO] ServerAccessManage:474 - Download File cubemx.pidx
2023-02-16 09:39:16,558 [INFO] LoadServerUpdatesThread:367 - End of LoadServerUpdate Thread
2023-02-16 09:39:16,887 [INFO] CheckServerUpdateThread:119 - End of CheckServer Thread
2023-02-16 09:39:16,968 [INFO] MainUpdater:2800 - connection check result : 10
2023-02-16 09:39:17,028 [INFO] McuFinderGlobals:65 - Set McuFinderConnectedMode to true
2023-02-16 09:39:17,328 [INFO] ServerAccessManage:474 - Download File mcusAds.json._tmp_
2023-02-16 09:39:17,449 [INFO] LoadUrlFilesThread:150 - End of LoadUrlFiles Thread
2023-02-16 09:39:17,491 [INFO] ServerAccessManage:474 - Download File cube-finder-db.zip
2023-02-16 09:39:19,227 [WARN] MainUpdater:1186 - Updater busy. Cannot search thirdparties
2023-02-16 09:39:19,227 [INFO] ThirdPartyUpdaterWithRetryManager:96 - Updater plugin is busy. [2/15]
2023-02-16 09:39:22,230 [WARN] MainUpdater:1186 - Updater busy. Cannot search thirdparties
2023-02-16 09:39:22,230 [INFO] ThirdPartyUpdaterWithRetryManager:96 - Updater plugin is busy. [3/15]
2023-02-16 09:39:24,365 [INFO] FileExtend:239 - Unzip File : cube-finder-db.zip
2023-02-16 09:39:24,365 [INFO] FileExtend:254 - Standard Zip Deflate
2023-02-16 09:39:25,243 [WARN] MainUpdater:1186 - Updater busy. Cannot search thirdparties
2023-02-16 09:39:25,243 [INFO] ThirdPartyUpdaterWithRetryManager:96 - Updater plugin is busy. [4/15]
2023-02-16 09:39:25,686 [INFO] LoadUrlFilesThread:150 - End of LoadUrlFiles Thread
2023-02-16 09:39:26,833 [INFO] ServerAccessManage:474 - Download File crdb.zip
2023-02-16 09:39:28,141 [INFO] FileExtend:239 - Unzip File : crdb.zip
2023-02-16 09:39:28,142 [INFO] FileExtend:254 - Standard Zip Deflate
2023-02-16 09:39:28,253 [WARN] MainUpdater:1186 - Updater busy. Cannot search thirdparties
2023-02-16 09:39:28,253 [INFO] ThirdPartyUpdaterWithRetryManager:96 - Updater plugin is busy. [5/15]
2023-02-16 09:39:28,294 [INFO] LoadUrlFilesThread:150 - End of LoadUrlFiles Thread
2023-02-16 09:39:28,323 [INFO] ServerAccessManage:474 - Download File tutoVideoDB.zip
2023-02-16 09:39:28,354 [INFO] FileExtend:239 - Unzip File : tutoVideoDB.zip
2023-02-16 09:39:28,354 [INFO] FileExtend:254 - Standard Zip Deflate
2023-02-16 09:39:28,480 [INFO] LoadUrlFilesThread:150 - End of LoadUrlFiles Thread
2023-02-16 09:39:28,491 [INFO] JxBrowserEngine:114 - Initiate JxBrowser Engine with user profile folder
2023-02-16 09:39:31,497 [WARN] PackLoader:242 - Cannot read IP mode file for STMicroelectronics.X-CUBE-GNSS1.6.0.0
2023-02-16 09:39:31,588 [WARN] PackLoader:242 - Cannot read IP mode file for STMicroelectronics.X-CUBE-AZRTOS-F4.1.1.0
2023-02-16 09:39:31,626 [WARN] PackLoader:242 - Cannot read IP mode file for STMicroelectronics.X-CUBE-BLEMGR.1.2.0
2023-02-16 09:39:31,735 [WARN] PackLoader:242 - Cannot read IP mode file for STMicroelectronics.X-CUBE-AZRTOS-F7.1.1.0
2023-02-16 09:39:31,770 [WARN] PackLoader:242 - Cannot read IP mode file for STMicroelectronics.X-CUBE-BLE1.6.2.3
2023-02-16 09:39:31,801 [WARN] PackLoader:242 - Cannot read IP mode file for STMicroelectronics.X-CUBE-BLE1.6.2.4
2023-02-16 09:39:31,926 [WARN] PackLoader:242 - Cannot read IP mode file for emotas.I-CUBE-CANOPEN.1.1.3
2023-02-16 09:39:31,956 [WARN] PackLoader:242 - Cannot read IP mode file for STMicroelectronics.X-CUBE-NFC4.2.0.5
2023-02-16 09:39:31,975 [WARN] PackLoader:242 - Cannot read IP mode file for STMicroelectronics.X-CUBE-DISPLAY.3.0.0
2023-02-16 09:39:31,991 [WARN] PackLoader:242 - Cannot read IP mode file for wolfSSL.I-CUBE-wolfSSL.5.5.3
2023-02-16 09:39:32,004 [WARN] PackLoader:242 - Cannot read IP mode file for STMicroelectronics.X-CUBE-NFC7.1.0.0
2023-02-16 09:39:32,110 [WARN] PackLoader:242 - Cannot read IP mode file for STMicroelectronics.X-CUBE-MEMS1.9.3.0
2023-02-16 09:39:32,389 [WARN] PackLoader:242 - Cannot read IP mode file for STMicroelectronics.X-CUBE-EEPRMA1.4.1.0
2023-02-16 09:39:32,416 [WARN] PackLoader:242 - Cannot read IP mode file for STMicroelectronics.X-CUBE-SFXS2LP1.4.0.0
2023-02-16 09:39:32,445 [WARN] PackLoader:242 - Cannot read IP mode file for STMicroelectronics.X-CUBE-BLE2.3.3.0
2023-02-16 09:39:32,466 [WARN] PackLoader:242 - Cannot read IP mode file for STMicroelectronics.X-CUBE-DISPLAY.2.2.0
2023-02-16 09:39:32,493 [WARN] PackLoader:242 - Cannot read IP mode file for STMicroelectronics.X-CUBE-TOF1.3.2.0
2023-02-16 09:39:32,564 [WARN] PackLoader:242 - Cannot read IP mode file for STMicroelectronics.X-CUBE-AZRTOS-H7.3.0.0
2023-02-16 09:39:32,593 [WARN] PackLoader:242 - Cannot read IP mode file for STMicroelectronics.X-CUBE-ISPU.1.1.0
2023-02-16 09:39:32,625 [WARN] PackLoader:242 - Cannot read IP mode file for RoweBots.I-CUBE-UNISONRTOS.5.5.0-4
2023-02-16 09:39:32,711 [WARN] PackLoader:242 - Cannot read IP mode file for STMicroelectronics.X-CUBE-AZRTOS-H7.2.1.0
2023-02-16 09:39:32,756 [WARN] PackLoader:242 - Cannot read IP mode file for STMicroelectronics.X-CUBE-TOUCHGFX.4.21.1
2023-02-16 09:39:32,901 [WARN] PackLoader:242 - Cannot read IP mode file for STMicroelectronics.X-CUBE-MEMS1.9.4.0
2023-02-16 09:39:33,284 [WARN] PackLoader:242 - Cannot read IP mode file for STMicroelectronics.X-CUBE-AI.7.3.0
2023-02-16 09:39:33,312 [WARN] PackLoader:242 - Cannot read IP mode file for STMicroelectronics.X-CUBE-ALGOBUILD.1.3.0
2023-02-16 09:39:33,369 [WARN] PackLoader:242 - Cannot read IP mode file for STMicroelectronics.X-CUBE-AZRTOS-L5.1.1.0
2023-02-16 09:39:33,437 [WARN] PackLoader:242 - Cannot read IP mode file for STMicroelectronics.X-CUBE-AZRTOS-G0.1.1.0
2023-02-16 09:39:33,457 [WARN] DbFile:40 - Overriding database path with different value: C:\Users\Windows\.stmcufinder\plugins\mcufinder/ => C:\Users\Windows\.stmcufinder\plugins\mcufinder
2023-02-16 09:39:33,520 [WARN] PackLoader:242 - Cannot read IP mode file for STMicroelectronics.X-CUBE-SUBG2.5.0.0
2023-02-16 09:39:33,553 [INFO] ServerAccessManage:474 - Download File api_config.json
2023-02-16 09:39:33,587 [WARN] PackLoader:242 - Cannot read IP mode file for STMicroelectronics.X-CUBE-NFC4.3.0.0
2023-02-16 09:39:33,679 [INFO] LoadUrlFilesThread:150 - End of LoadUrlFiles Thread
2023-02-16 09:39:33,685 [INFO] DbMcusAds:52 - JSON generation date=Wed Jan 18 21:17:18 ICT 2023 (1674051438939)
2023-02-16 09:39:33,755 [INFO] LoadUrlFilesThread:179 - End of LoadServerUrlFiles without Thread
2023-02-16 09:39:33,755 [INFO] TargetSelectorAdapter:258 - Refresh data is successful
2023-02-16 09:39:33,906 [WARN] PackLoader:242 - Cannot read IP mode file for SEGGER.I-CUBE-embOS.1.2.1
2023-02-16 09:39:33,984 [WARN] PackLoader:242 - Cannot read IP mode file for STMicroelectronics.FP-ATR-ASTRA1.1.1.1
2023-02-16 09:39:34,020 [WARN] PackLoader:242 - Cannot read IP mode file for STMicroelectronics.X-CUBE-BLEMGR.1.3.0
2023-02-16 09:39:34,233 [INFO] ApiDb:580 - Connected to CubeFinder SQLite database (C:\Users\Windows\.stmcufinder\plugins\mcufinder\mcu\cube-finder-db.db)
2023-02-16 09:39:34,261 [WARN] PackLoader:242 - Cannot read IP mode file for STMicroelectronics.X-CUBE-AZRTOS-G4.1.0.0
2023-02-16 09:39:34,285 [WARN] PackLoader:242 - Cannot read IP mode file for STMicroelectronics.FP-ATR-SIGFOX1.3.2.0
2023-02-16 09:39:34,403 [WARN] PackLoader:242 - Cannot read IP mode file for STMicroelectronics.X-CUBE-AZRTOS-L4.1.0.0
2023-02-16 09:39:34,432 [WARN] PackLoader:242 - Cannot read IP mode file for STMicroelectronics.X-CUBE-TOUCHGFX.4.20.0
2023-02-16 09:39:34,466 [INFO] ApiDb:667 - CubeFinder database Data Model version=2.1
2023-02-16 09:39:34,466 [INFO] ApiDb:668 - CubeFinder database Configuration version=3.0.35
2023-02-16 09:39:34,467 [INFO] ApiDb:669 - CubeFinder database generation date=2023-02-02 (1675320190)
2023-02-16 09:39:34,467 [INFO] ApiDb:670 - CubeFinder database FW Pack versions=[FP-ATR-ASTRA1_V1.1.1, STM32Cube_FW_C0_V1.0.1, STM32Cube_FW_F4_V1.27.1, STM32Cube_FW_F7_V1.17.0, STM32Cube_FW_G0_V1.6.1, STM32Cube_FW_G4_V1.5.0, STM32Cube_FW_H5_V0.5.1, STM32Cube_FW_H7_V1.11.0, STM32Cube_FW_L5_V1.5.0, STM32Cube_FW_U5_V1.1.1, STM32Cube_FW_WBA_V0.2.0, STM32Cube_FW_WB_V1.15.0, STM32Cube_FW_WB_V1.15.0RC1, STM32Cube_FW_WL_V1.3.0, X-CUBE-ALGOBUILD_V1.3.0, X-CUBE-ALS_V1.0.1, X-CUBE-AZRTOS-F4_V1.1.0, X-CUBE-AZRTOS-F7_V1.1.0, X-CUBE-AZRTOS-G0_V1.1.0, X-CUBE-AZRTOS-G4_V1.0.0, X-CUBE-AZRTOS-H7_V3.0.0, X-CUBE-AZRTOS-L4_V1.0.0, X-CUBE-AZRTOS-L5_V1.1.0, X-CUBE-AZRTOS-WB_V1.1.0, X-CUBE-AZRTOS-WL_V1.0.0, X-CUBE-BLE1_V6.2.4, X-CUBE-BLE2_V3.3.0, X-CUBE-BLEMGR_V1.3.0, X-CUBE-EEPRMA1_V4.1.0, X-CUBE-GNSS1_V6.0.0, X-CUBE-MEMS1_V9.1.0, X-CUBE-MEMS1_V9.3.0, X-CUBE-MEMS1_V9.4.0, X-CUBE-NFC4_V3.0.0, X-CUBE-NFC7_V1.0.0, X-CUBE-SFXS2LP1_V4.0.0, X-CUBE-SUBG2_V5.0.0]
2023-02-16 09:39:34,470 [WARN] PackLoader:242 - Cannot read IP mode file for STMicroelectronics.X-CUBE-AZRTOS-WL.1.0.0
2023-02-16 09:39:34,495 [WARN] PackLoader:242 - Cannot read IP mode file for portGmbH.I-Cube-SoM-uGOAL.1.1.0
2023-02-16 09:39:34,522 [WARN] PackLoader:242 - Cannot read IP mode file for STMicroelectronics.X-CUBE-ALS.1.0.1
2023-02-16 09:39:34,613 [WARN] PackLoader:242 - Cannot read IP mode file for STMicroelectronics.X-CUBE-MEMS1.9.5.0
2023-02-16 09:39:34,950 [WARN] PackLoader:242 - Cannot read IP mode file for STMicroelectronics.X-CUBE-AZRTOS-WB.1.1.0
2023-02-16 09:39:34,988 [WARN] PackLoader:242 - Cannot read IP mode file for STMicroelectronics.X-CUBE-AZRTOS-L5.1.0.0
2023-02-16 09:39:35,004 [WARN] PackLoader:242 - Cannot read IP mode file for STMicroelectronics.X-CUBE-EEPRMA1.3.1.1
2023-02-16 09:39:35,006 [INFO] ThirdParty:947 - Integrity check success = true
2023-02-16 09:39:35,007 [INFO] IntegrityCheckThread:98 - exiting critical section [integrity check]
2023-02-16 09:39:35,007 [INFO] IntegrityCheckThread:101 - End integrity checks thread
2023-02-16 09:39:37,282 [INFO] ApiDb:239 - Found 143 in-development CPN: [B-WB1M-WPAN1, B-WL5M-SUBG1, NUCLEO-C031C6, STEVAL-PROTEUS1, STEVAL-STWINBX1, STM320518-EVAL, STM32C0116-DK, STM32C011D6Y3TR, STM32C011D6Y6TR, STM32C011F4P3, STM32C011F4P6, STM32C011F4U3, STM32C011F4U6TR, STM32C011F6P3, STM32C011F6P6, STM32C011F6U3, STM32C011F6U6TR, STM32C011J4M3, STM32C011J4M6, STM32C011J6M3, STM32C011J6M6, STM32C0316-DK, STM32C031C4T3, STM32C031C4T6, STM32C031C4U3, STM32C031C4U6, STM32C031C6T3, STM32C031C6T6, STM32C031C6U3, STM32C031C6U6, STM32C031F4P3, STM32C031F4P6, STM32C031F6P3, STM32C031F6P6, STM32C031G4U3, STM32C031G4U6, STM32C031G6U3, STM32C031G6U6, STM32C031K4T3, STM32C031K4T6, STM32C031K4U3, STM32C031K4U6, STM32C031K6T3, STM32C031K6T6, STM32C031K6U3, STM32C031K6U6, STM32G071K8TXN, STM32G071K8UXN, STM32G081GBU6N, STM32G081KBT6N, STM32G081KBUXN, STM32G0B1CCT6N, STM32G0B1KCT6, STM32G0B1NEY6TR, STM32G0B1RCT6N, STM32G0C1CCT6, STM32G0C1CCT6N, STM32G0C1CCU6N, STM32G0C1CET6N, STM32G0C1CEU6N, STM32G0C1KCT6, STM32G0C1NEY6TR, STM32G0C1RCI6N, STM32G0C1RCT6N, STM32G0C1REI6N, STM32G0C1RET6N, STM32G0C1VCI6, STM32G0C1VEI6, STM32G471CCT6, STM32G471CCU6, STM32G471CET3, STM32G471CET6, STM32G471CEU3, STM32G471CEU6, STM32G471MCT6, STM32G471MET3, STM32G471MET6, STM32G471MEY6TR, STM32G471QCT6, STM32G471QET3, STM32G471RCT6, STM32G471RET3, STM32G471RET6, STM32G471VCH6, STM32G471VCI6, STM32G471VCT6, STM32G471VEH3, STM32G471VEH6, STM32G471VEI3, STM32G471VEI6, STM32G471VET3, STM32G471VET6, STM32G474CCT6, STM32L476VGY6PTR, STM32L4R5QGI6STR, STM32MP131AAE3, STM32MP131AAF3, STM32MP131AAG3, STM32MP131CAE3, STM32MP131CAF3, STM32MP131CAG3, STM32MP131DAE7, STM32MP131DAF7, STM32MP131DAG7, STM32MP131FAE7, STM32MP131FAF7, STM32MP131FAG7, STM32MP133AAE3, STM32MP133AAF3, STM32MP133AAG3, STM32MP133CAE3, STM32MP133CAF3, STM32MP133CAG3, STM32MP133DAE7, STM32MP133DAF7, STM32MP133DAG7, STM32MP133FAE7, STM32MP133FAF7, STM32MP133FAG7, STM32MP135AAE3, STM32MP135AAF3, STM32MP135AAG3, STM32MP135CAE3, STM32MP135CAF3, STM32MP135CAG3, STM32MP135DAE7, STM32MP135DAF7, STM32MP135DAG7, STM32MP135F-DK, STM32MP135FAE7, STM32MP135FAF7, STM32MP135FAF7T, STM32MP135FAF7U, STM32MP135FAG7, STM32U595ZJT6Q, STM32U599BJY6QTR, STM32U599NIH6Q, STM32U599NJH6Q, STM32U5A5ZJT6Q, STM32U5A9BJY6QTR, STM32U5A9NJH6Q, STM32WB1MMCH6, STM32WL5MOCH6TR]
2023-02-16 09:39:37,287 [INFO] DbMcus:215 - Found 3582 MCUs, 3582 are supported
2023-02-16 09:39:37,288 [INFO] ApiDb:413 - User favorites file not found: C:\Users\Windows/.stm32cubeide/favorites.mcus.txt
2023-02-16 09:39:37,288 [INFO] DbMcus:221 - Set 0 / 0 favorites MCUs
2023-02-16 09:39:37,576 [INFO] ApiDb:667 - CubeFinder database Data Model version=2.1
2023-02-16 09:39:37,576 [INFO] ApiDb:668 - CubeFinder database Configuration version=3.0.35
2023-02-16 09:39:37,576 [INFO] ApiDb:669 - CubeFinder database generation date=2023-02-02 (1675320190)
2023-02-16 09:39:37,576 [INFO] ApiDb:670 - CubeFinder database FW Pack versions=[FP-ATR-ASTRA1_V1.1.1, STM32Cube_FW_C0_V1.0.1, STM32Cube_FW_F4_V1.27.1, STM32Cube_FW_F7_V1.17.0, STM32Cube_FW_G0_V1.6.1, STM32Cube_FW_G4_V1.5.0, STM32Cube_FW_H5_V0.5.1, STM32Cube_FW_H7_V1.11.0, STM32Cube_FW_L5_V1.5.0, STM32Cube_FW_U5_V1.1.1, STM32Cube_FW_WBA_V0.2.0, STM32Cube_FW_WB_V1.15.0, STM32Cube_FW_WB_V1.15.0RC1, STM32Cube_FW_WL_V1.3.0, X-CUBE-ALGOBUILD_V1.3.0, X-CUBE-ALS_V1.0.1, X-CUBE-AZRTOS-F4_V1.1.0, X-CUBE-AZRTOS-F7_V1.1.0, X-CUBE-AZRTOS-G0_V1.1.0, X-CUBE-AZRTOS-G4_V1.0.0, X-CUBE-AZRTOS-H7_V3.0.0, X-CUBE-AZRTOS-L4_V1.0.0, X-CUBE-AZRTOS-L5_V1.1.0, X-CUBE-AZRTOS-WB_V1.1.0, X-CUBE-AZRTOS-WL_V1.0.0, X-CUBE-BLE1_V6.2.4, X-CUBE-BLE2_V3.3.0, X-CUBE-BLEMGR_V1.3.0, X-CUBE-EEPRMA1_V4.1.0, X-CUBE-GNSS1_V6.0.0, X-CUBE-MEMS1_V9.1.0, X-CUBE-MEMS1_V9.3.0, X-CUBE-MEMS1_V9.4.0, X-CUBE-NFC4_V3.0.0, X-CUBE-NFC7_V1.0.0, X-CUBE-SFXS2LP1_V4.0.0, X-CUBE-SUBG2_V5.0.0]
2023-02-16 09:39:37,664 [INFO] DbBoardsSqlite:225 - include board P-NUCLEO-WB55-NUCLEO as a kit item of type 'Nucleo-64'
2023-02-16 09:39:37,664 [INFO] DbBoardsSqlite:225 - include board P-NUCLEO-WB55-USBDONGLE as a kit item of type 'Nucleo USB Dongle'
2023-02-16 09:39:37,665 [INFO] DbBoardsSqlite:225 - include board STEVAL-IDP005V1 as a kit item of type 'Evaluation Board'
2023-02-16 09:39:37,665 [INFO] DbBoardsSqlite:225 - include board STEVAL-IDP005V2 as a kit item of type 'Evaluation Board'
2023-02-16 09:39:37,730 [INFO] ApiDb:239 - Found 143 in-development CPN: [B-WB1M-WPAN1, B-WL5M-SUBG1, NUCLEO-C031C6, STEVAL-PROTEUS1, STEVAL-STWINBX1, STM320518-EVAL, STM32C0116-DK, STM32C011D6Y3TR, STM32C011D6Y6TR, STM32C011F4P3, STM32C011F4P6, STM32C011F4U3, STM32C011F4U6TR, STM32C011F6P3, STM32C011F6P6, STM32C011F6U3, STM32C011F6U6TR, STM32C011J4M3, STM32C011J4M6, STM32C011J6M3, STM32C011J6M6, STM32C0316-DK, STM32C031C4T3, STM32C031C4T6, STM32C031C4U3, STM32C031C4U6, STM32C031C6T3, STM32C031C6T6, STM32C031C6U3, STM32C031C6U6, STM32C031F4P3, STM32C031F4P6, STM32C031F6P3, STM32C031F6P6, STM32C031G4U3, STM32C031G4U6, STM32C031G6U3, STM32C031G6U6, STM32C031K4T3, STM32C031K4T6, STM32C031K4U3, STM32C031K4U6, STM32C031K6T3, STM32C031K6T6, STM32C031K6U3, STM32C031K6U6, STM32G071K8TXN, STM32G071K8UXN, STM32G081GBU6N, STM32G081KBT6N, STM32G081KBUXN, STM32G0B1CCT6N, STM32G0B1KCT6, STM32G0B1NEY6TR, STM32G0B1RCT6N, STM32G0C1CCT6, STM32G0C1CCT6N, STM32G0C1CCU6N, STM32G0C1CET6N, STM32G0C1CEU6N, STM32G0C1KCT6, STM32G0C1NEY6TR, STM32G0C1RCI6N, STM32G0C1RCT6N, STM32G0C1REI6N, STM32G0C1RET6N, STM32G0C1VCI6, STM32G0C1VEI6, STM32G471CCT6, STM32G471CCU6, STM32G471CET3, STM32G471CET6, STM32G471CEU3, STM32G471CEU6, STM32G471MCT6, STM32G471MET3, STM32G471MET6, STM32G471MEY6TR, STM32G471QCT6, STM32G471QET3, STM32G471RCT6, STM32G471RET3, STM32G471RET6, STM32G471VCH6, STM32G471VCI6, STM32G471VCT6, STM32G471VEH3, STM32G471VEH6, STM32G471VEI3, STM32G471VEI6, STM32G471VET3, STM32G471VET6, STM32G474CCT6, STM32L476VGY6PTR, STM32L4R5QGI6STR, STM32MP131AAE3, STM32MP131AAF3, STM32MP131AAG3, STM32MP131CAE3, STM32MP131CAF3, STM32MP131CAG3, STM32MP131DAE7, STM32MP131DAF7, STM32MP131DAG7, STM32MP131FAE7, STM32MP131FAF7, STM32MP131FAG7, STM32MP133AAE3, STM32MP133AAF3, STM32MP133AAG3, STM32MP133CAE3, STM32MP133CAF3, STM32MP133CAG3, STM32MP133DAE7, STM32MP133DAF7, STM32MP133DAG7, STM32MP133FAE7, STM32MP133FAF7, STM32MP133FAG7, STM32MP135AAE3, STM32MP135AAF3, STM32MP135AAG3, STM32MP135CAE3, STM32MP135CAF3, STM32MP135CAG3, STM32MP135DAE7, STM32MP135DAF7, STM32MP135DAG7, STM32MP135F-DK, STM32MP135FAE7, STM32MP135FAF7, STM32MP135FAF7T, STM32MP135FAF7U, STM32MP135FAG7, STM32U595ZJT6Q, STM32U599BJY6QTR, STM32U599NIH6Q, STM32U599NJH6Q, STM32U5A5ZJT6Q, STM32U5A9BJY6QTR, STM32U5A9NJH6Q, STM32WB1MMCH6, STM32WL5MOCH6TR]
2023-02-16 09:39:37,921 [INFO] BoardInfo:879 - No configuration file found for board P-NUCLEO-WB55
2023-02-16 09:39:37,921 [INFO] DbBoards:156 - Kit is not supported: P-NUCLEO-WB55
2023-02-16 09:39:37,928 [INFO] BoardInfo:879 - No configuration file found for board STEVAL-BFA001V1B
2023-02-16 09:39:37,929 [INFO] DbBoards:156 - Kit is not supported: STEVAL-BFA001V1B
2023-02-16 09:39:37,931 [INFO] BoardInfo:879 - No configuration file found for board STEVAL-BFA001V2B
2023-02-16 09:39:37,931 [INFO] DbBoards:156 - Kit is not supported: STEVAL-BFA001V2B
2023-02-16 09:39:38,111 [INFO] DbBoards:160 - Found 179 boards, 176 are supported
2023-02-16 09:39:38,128 [INFO] ApiDb:413 - User favorites file not found: C:\Users\Windows/.stm32cubeide/favorites.boards.txt
2023-02-16 09:39:38,129 [INFO] DbBoards:189 - Set 0 / 0 favorites Boards
2023-02-16 09:39:38,152 [INFO] ApiDb:667 - CubeFinder database Data Model version=2.1
2023-02-16 09:39:38,152 [INFO] ApiDb:668 - CubeFinder database Configuration version=3.0.35
2023-02-16 09:39:38,152 [INFO] ApiDb:669 - CubeFinder database generation date=2023-02-02 (1675320190)
2023-02-16 09:39:38,152 [INFO] ApiDb:670 - CubeFinder database FW Pack versions=[FP-ATR-ASTRA1_V1.1.1, STM32Cube_FW_C0_V1.0.1, STM32Cube_FW_F4_V1.27.1, STM32Cube_FW_F7_V1.17.0, STM32Cube_FW_G0_V1.6.1, STM32Cube_FW_G4_V1.5.0, STM32Cube_FW_H5_V0.5.1, STM32Cube_FW_H7_V1.11.0, STM32Cube_FW_L5_V1.5.0, STM32Cube_FW_U5_V1.1.1, STM32Cube_FW_WBA_V0.2.0, STM32Cube_FW_WB_V1.15.0, STM32Cube_FW_WB_V1.15.0RC1, STM32Cube_FW_WL_V1.3.0, X-CUBE-ALGOBUILD_V1.3.0, X-CUBE-ALS_V1.0.1, X-CUBE-AZRTOS-F4_V1.1.0, X-CUBE-AZRTOS-F7_V1.1.0, X-CUBE-AZRTOS-G0_V1.1.0, X-CUBE-AZRTOS-G4_V1.0.0, X-CUBE-AZRTOS-H7_V3.0.0, X-CUBE-AZRTOS-L4_V1.0.0, X-CUBE-AZRTOS-L5_V1.1.0, X-CUBE-AZRTOS-WB_V1.1.0, X-CUBE-AZRTOS-WL_V1.0.0, X-CUBE-BLE1_V6.2.4, X-CUBE-BLE2_V3.3.0, X-CUBE-BLEMGR_V1.3.0, X-CUBE-EEPRMA1_V4.1.0, X-CUBE-GNSS1_V6.0.0, X-CUBE-MEMS1_V9.1.0, X-CUBE-MEMS1_V9.3.0, X-CUBE-MEMS1_V9.4.0, X-CUBE-NFC4_V3.0.0, X-CUBE-NFC7_V1.0.0, X-CUBE-SFXS2LP1_V4.0.0, X-CUBE-SUBG2_V5.0.0]
2023-02-16 09:39:39,115 [INFO] DbExamplesSqlite:375 - Ignored 32 examples not supported by CubeIDE
2023-02-16 09:39:39,115 [INFO] DbExamplesSqlite:376 - Found 6238 examples active
2023-02-16 09:39:39,115 [INFO] DbExamplesSqlite:377 - Found 276 examples obsolete
2023-02-16 09:39:39,116 [INFO] DbExamplesSqlite:378 - Found 0 examples under development
2023-02-16 09:39:39,116 [INFO] DbExamplesSqlite:379 - Found 76 examples not building
2023-02-16 09:39:39,117 [INFO] DbExamples:124 - Found 6282 examples
2023-02-16 09:39:39,128 [INFO] DbExamples:221 - Found 78 boards with related examples
2023-02-16 09:39:39,129 [INFO] DbExamples:234 - Found 65 MCUs with related examples
2023-02-16 09:39:39,153 [INFO] ApiDb:413 - User favorites file not found: C:\Users\Windows/.stm32cubeide/favorites.examples.txt
2023-02-16 09:39:39,153 [INFO] DbExamples:249 - Set 0 / 0 favorites Examples
2023-02-16 09:39:39,567 [INFO] McuFinderGlobals:65 - Set McuFinderConnectedMode to true
2023-02-16 09:39:39,578 [INFO] MultiScanPanel:196 - Auto-refresh data requested => check proxy status ongoing
2023-02-16 09:39:39,583 [INFO] FinderPluginLoader:92 - Searching for filters in installed packs
2023-02-16 09:39:41,617 [INFO] LoadUrlFilesThread:179 - End of LoadServerUrlFiles without Thread
2023-02-16 09:39:41,656 [INFO] DetailPanel:339 - Set advertising image to C:/Users/Windows/STM32Cube/Repository/\en.prom-stm32c0-0123.jpg
2023-02-16 09:40:20,623 [INFO] MultiScanPanel:196 - Auto-refresh data requested => check proxy status ongoing
2023-02-16 09:40:20,795 [INFO] LoadUrlFilesThread:179 - End of LoadServerUrlFiles without Thread
2023-02-16 09:40:20,795 [INFO] DetailPanel:339 - Set advertising image to C:/Users/Windows/STM32Cube/Repository/\en.prom-stm32c0-0123.jpg
2023-02-16 09:40:20,807 [INFO] DbBoards:633 - Loading board mini-images...
2023-02-16 09:40:24,101 [INFO] DbBoards:656 - Loaded 179 board mini-images
2023-02-16 09:41:36,458 [INFO] McuFinderGlobals:65 - Set McuFinderConnectedMode to true
2023-02-16 09:41:36,462 [INFO] ApiDb:447 - Save user favorites file C:\Users\Windows/.stm32cubeide/favorites.mcus.txt: 0 item(s)
2023-02-16 09:41:36,462 [INFO] ApiDb:451 - User favorites MCUs=[]
2023-02-16 09:41:36,474 [INFO] ApiDb:447 - Save user favorites file C:\Users\Windows/.stm32cubeide/favorites.boards.txt: 0 item(s)
2023-02-16 09:41:36,475 [INFO] ApiDb:451 - User favorites Boards=[]
2023-02-16 22:05:37,175 [INFO] MainUpdater:2800 - connection check result : 10
2023-02-16 22:05:37,420 [INFO] McuFinderGlobals:65 - Set McuFinderConnectedMode to true
2023-02-16 22:05:37,440 [INFO] MultiScanPanel:196 - Auto-refresh data requested => check proxy status ongoing
2023-02-16 22:05:37,442 [INFO] FinderPluginLoader:92 - Searching for filters in installed packs
2023-02-16 22:05:39,706 [INFO] LoadUrlFilesThread:179 - End of LoadServerUrlFiles without Thread
2023-02-16 22:05:39,709 [INFO] DetailPanel:339 - Set advertising image to C:/Users/Windows/STM32Cube/Repository/\en.prom-stm32c0-0123.jpg
2023-02-16 22:05:48,559 [INFO] ApiDb:580 - Connected to CubeFinder SQLite database (C:\Users\Windows\.stmcufinder\plugins\mcufinder\mcu\cube-finder-db.db)
2023-02-16 22:05:59,933 [INFO] MultiScanPanel:196 - Auto-refresh data requested => check proxy status ongoing
2023-02-16 22:06:00,081 [INFO] LoadUrlFilesThread:179 - End of LoadServerUrlFiles without Thread
2023-02-16 22:06:00,081 [INFO] DetailPanel:339 - Set advertising image to C:/Users/Windows/STM32Cube/Repository/\en.prom-stm32c0-0123.jpg
2023-02-16 22:06:36,225 [INFO] McuFinderGlobals:65 - Set McuFinderConnectedMode to true
2023-02-16 22:06:36,227 [INFO] ApiDb:447 - Save user favorites file C:\Users\Windows/.stm32cubeide/favorites.mcus.txt: 0 item(s)
2023-02-16 22:06:36,227 [INFO] ApiDb:451 - User favorites MCUs=[]
2023-02-16 22:06:36,233 [INFO] ApiDb:447 - Save user favorites file C:\Users\Windows/.stm32cubeide/favorites.boards.txt: 0 item(s)
2023-02-16 22:06:36,233 [INFO] ApiDb:451 - User favorites Boards=[]
2023-02-16 23:16:31,400 [INFO] WebAppUi:459 - Close the Jxbrowser engine manually
2023-02-16 23:16:31,833 [INFO] WebAppUi:462 - Profiles folder deleted
2023-02-16 23:16:35,154 [ERROR] LogOutputStream:74 - [STDERR_REDIRECT] 
2023-02-18 08:40:49,830 [INFO] Activator:179 - 


2023-02-18 08:40:49,830 [INFO] Activator:180 - !SESSION log4j initialized
2023-02-18 08:41:23,405 [ERROR] LogOutputStream:74 - [STDERR_REDIRECT] SLF4J: Failed to load class "org.slf4j.impl.StaticLoggerBinder".
2023-02-18 08:41:23,405 [ERROR] LogOutputStream:74 - [STDERR_REDIRECT] SLF4J: Defaulting to no-operation (NOP) logger implementation
2023-02-18 08:41:23,405 [ERROR] LogOutputStream:74 - [STDERR_REDIRECT] SLF4J: See http://www.slf4j.org/codes.html#StaticLoggerBinder for further details.
2023-02-18 08:42:15,647 [ERROR] ConfigurationRetriever:140 - IOException on connection: citools.st.com
2023-02-18 08:42:15,647 [ERROR] ConfigurationRetriever:140 - IOException on connection: citools.st.com
2023-02-18 08:42:15,647 [ERROR] ConfigurationRetriever:140 - IOException on connection: citools.st.com
2023-02-18 09:01:20,830 [ERROR] ConfigurationRetriever:140 - IOException on connection: citools.st.com
2023-02-18 09:01:20,830 [ERROR] ConfigurationRetriever:140 - IOException on connection: citools.st.com
2023-02-18 09:01:20,830 [ERROR] ConfigurationRetriever:140 - IOException on connection: citools.st.com
2023-02-18 09:02:41,168 [ERROR] ConfigurationRetriever:140 - IOException on connection: citools.st.com
2023-02-18 09:02:41,168 [ERROR] ConfigurationRetriever:140 - IOException on connection: citools.st.com
2023-02-18 09:02:41,168 [ERROR] ConfigurationRetriever:140 - IOException on connection: citools.st.com
2023-02-18 09:02:44,787 [ERROR] ConfigurationRetriever:140 - IOException on connection: citools.st.com
2023-02-18 09:02:44,787 [ERROR] ConfigurationRetriever:140 - IOException on connection: citools.st.com
2023-02-18 09:02:44,787 [ERROR] ConfigurationRetriever:140 - IOException on connection: citools.st.com
2023-02-18 14:11:46,446 [INFO] Activator:179 - 


2023-02-18 14:11:46,446 [INFO] Activator:180 - !SESSION log4j initialized
2023-02-18 14:12:01,336 [ERROR] ConfigurationRetriever:140 - IOException on connection: citools.st.com
2023-02-18 14:12:01,336 [ERROR] ConfigurationRetriever:140 - IOException on connection: citools.st.com
2023-02-18 14:12:01,351 [ERROR] ConfigurationRetriever:140 - IOException on connection: citools.st.com
2023-02-18 14:12:23,403 [ERROR] LogOutputStream:74 - [STDERR_REDIRECT] SLF4J: Failed to load class "org.slf4j.impl.StaticLoggerBinder".
2023-02-18 14:12:23,403 [ERROR] LogOutputStream:74 - [STDERR_REDIRECT] SLF4J: Defaulting to no-operation (NOP) logger implementation
2023-02-18 14:12:23,403 [ERROR] LogOutputStream:74 - [STDERR_REDIRECT] SLF4J: See http://www.slf4j.org/codes.html#StaticLoggerBinder for further details.
2023-02-18 14:16:51,965 [ERROR] ConfigurationRetriever:140 - IOException on connection: citools.st.com
2023-02-18 14:16:51,965 [ERROR] ConfigurationRetriever:140 - IOException on connection: citools.st.com
2023-02-18 14:16:51,965 [ERROR] ConfigurationRetriever:140 - IOException on connection: citools.st.com
2023-02-18 14:17:22,253 [ERROR] ConfigurationRetriever:140 - IOException on connection: citools.st.com
2023-02-18 14:17:22,253 [ERROR] ConfigurationRetriever:140 - IOException on connection: citools.st.com
2023-02-18 14:17:22,253 [ERROR] ConfigurationRetriever:140 - IOException on connection: citools.st.com
2023-02-18 14:21:30,023 [ERROR] ConfigurationRetriever:140 - IOException on connection: citools.st.com
2023-02-18 14:21:30,023 [ERROR] ConfigurationRetriever:140 - IOException on connection: citools.st.com
2023-02-18 14:21:30,023 [ERROR] ConfigurationRetriever:140 - IOException on connection: citools.st.com
2023-02-18 14:21:31,990 [ERROR] ConfigurationRetriever:140 - IOException on connection: citools.st.com
2023-02-18 14:21:31,990 [ERROR] ConfigurationRetriever:140 - IOException on connection: citools.st.com
2023-02-18 14:21:31,990 [ERROR] ConfigurationRetriever:140 - IOException on connection: citools.st.com
2023-02-18 14:22:30,553 [ERROR] ConfigurationRetriever:140 - IOException on connection: citools.st.com
2023-02-18 14:22:30,553 [ERROR] ConfigurationRetriever:140 - IOException on connection: citools.st.com
2023-02-18 14:22:30,553 [ERROR] ConfigurationRetriever:140 - IOException on connection: citools.st.com
2023-02-18 14:22:35,874 [ERROR] ConfigurationRetriever:140 - IOException on connection: citools.st.com
2023-02-18 14:22:35,874 [ERROR] ConfigurationRetriever:140 - IOException on connection: citools.st.com
2023-02-18 14:22:35,874 [ERROR] ConfigurationRetriever:140 - IOException on connection: citools.st.com
2023-02-18 14:23:11,537 [ERROR] ConfigurationRetriever:140 - IOException on connection: citools.st.com
2023-02-18 14:23:11,537 [ERROR] ConfigurationRetriever:140 - IOException on connection: citools.st.com
2023-02-18 14:23:11,537 [ERROR] ConfigurationRetriever:140 - IOException on connection: citools.st.com
2023-02-18 14:23:14,402 [ERROR] ConfigurationRetriever:140 - IOException on connection: citools.st.com
2023-02-18 14:23:14,402 [ERROR] ConfigurationRetriever:140 - IOException on connection: citools.st.com
2023-02-18 14:23:14,402 [ERROR] ConfigurationRetriever:140 - IOException on connection: citools.st.com
2023-02-18 22:51:34,111 [ERROR] ConfigurationRetriever:140 - IOException on connection: citools.st.com
2023-02-18 22:51:34,122 [ERROR] ConfigurationRetriever:140 - IOException on connection: citools.st.com
2023-02-18 22:51:34,123 [ERROR] ConfigurationRetriever:140 - IOException on connection: citools.st.com
2023-02-20 21:45:45,089 [INFO] Activator:179 - 


2023-02-20 21:45:45,092 [INFO] Activator:180 - !SESSION log4j initialized
2023-02-20 21:45:57,010 [ERROR] ConfigurationRetriever:140 - IOException on connection: citools.st.com
2023-02-20 21:45:57,010 [ERROR] ConfigurationRetriever:140 - IOException on connection: citools.st.com
2023-02-20 21:45:57,010 [ERROR] ConfigurationRetriever:140 - IOException on connection: citools.st.com
2023-02-20 21:46:19,611 [ERROR] LogOutputStream:74 - [STDERR_REDIRECT] SLF4J: Failed to load class "org.slf4j.impl.StaticLoggerBinder".
2023-02-20 21:46:19,611 [ERROR] LogOutputStream:74 - [STDERR_REDIRECT] SLF4J: Defaulting to no-operation (NOP) logger implementation
2023-02-20 21:46:19,611 [ERROR] LogOutputStream:74 - [STDERR_REDIRECT] SLF4J: See http://www.slf4j.org/codes.html#StaticLoggerBinder for further details.
2023-02-21 09:12:47,104 [ERROR] ConfigurationRetriever:140 - IOException on connection: citools.st.com
2023-02-21 09:12:47,107 [ERROR] ConfigurationRetriever:140 - IOException on connection: citools.st.com
2023-02-21 09:12:47,107 [ERROR] ConfigurationRetriever:140 - IOException on connection: citools.st.com
2023-02-21 09:15:08,588 [ERROR] ConfigurationRetriever:140 - IOException on connection: citools.st.com
2023-02-21 09:15:08,588 [ERROR] ConfigurationRetriever:140 - IOException on connection: citools.st.com
2023-02-21 09:15:08,589 [ERROR] ConfigurationRetriever:140 - IOException on connection: citools.st.com
2023-02-21 09:16:50,706 [ERROR] ConfigurationRetriever:140 - IOException on connection: citools.st.com
2023-02-21 09:16:50,707 [ERROR] ConfigurationRetriever:140 - IOException on connection: citools.st.com
2023-02-21 09:16:50,708 [ERROR] ConfigurationRetriever:140 - IOException on connection: citools.st.com
2023-02-21 09:18:13,729 [ERROR] ConfigurationRetriever:140 - IOException on connection: citools.st.com
2023-02-21 09:18:13,730 [ERROR] ConfigurationRetriever:140 - IOException on connection: citools.st.com
2023-02-21 09:18:13,730 [ERROR] ConfigurationRetriever:140 - IOException on connection: citools.st.com
2023-02-21 09:19:31,061 [ERROR] ConfigurationRetriever:140 - IOException on connection: citools.st.com
2023-02-21 09:19:31,062 [ERROR] ConfigurationRetriever:140 - IOException on connection: citools.st.com
2023-02-21 09:19:31,063 [ERROR] ConfigurationRetriever:140 - IOException on connection: citools.st.com
2023-02-21 09:19:59,683 [ERROR] ConfigurationRetriever:140 - IOException on connection: citools.st.com
2023-02-21 09:19:59,684 [ERROR] ConfigurationRetriever:140 - IOException on connection: citools.st.com
2023-02-21 09:19:59,685 [ERROR] ConfigurationRetriever:140 - IOException on connection: citools.st.com
2023-02-21 09:20:40,321 [ERROR] ConfigurationRetriever:140 - IOException on connection: citools.st.com
2023-02-21 09:20:40,322 [ERROR] ConfigurationRetriever:140 - IOException on connection: citools.st.com
2023-02-21 09:20:40,323 [ERROR] ConfigurationRetriever:140 - IOException on connection: citools.st.com
2023-02-21 09:20:50,369 [ERROR] ConfigurationRetriever:140 - IOException on connection: citools.st.com
2023-02-21 09:20:50,370 [ERROR] ConfigurationRetriever:140 - IOException on connection: citools.st.com
2023-02-21 09:20:50,371 [ERROR] ConfigurationRetriever:140 - IOException on connection: citools.st.com
2023-02-21 09:22:04,113 [ERROR] ConfigurationRetriever:140 - IOException on connection: citools.st.com
2023-02-21 09:22:04,114 [ERROR] ConfigurationRetriever:140 - IOException on connection: citools.st.com
2023-02-21 09:22:04,114 [ERROR] ConfigurationRetriever:140 - IOException on connection: citools.st.com
2023-02-21 09:27:22,721 [ERROR] ConfigurationRetriever:140 - IOException on connection: citools.st.com
2023-02-21 09:27:22,722 [ERROR] ConfigurationRetriever:140 - IOException on connection: citools.st.com
2023-02-21 09:27:22,722 [ERROR] ConfigurationRetriever:140 - IOException on connection: citools.st.com
2023-02-21 09:28:28,946 [ERROR] ConfigurationRetriever:140 - IOException on connection: citools.st.com
2023-02-21 09:28:28,947 [ERROR] ConfigurationRetriever:140 - IOException on connection: citools.st.com
2023-02-21 09:28:28,948 [ERROR] ConfigurationRetriever:140 - IOException on connection: citools.st.com
2023-02-21 09:29:05,424 [ERROR] ConfigurationRetriever:140 - IOException on connection: citools.st.com
2023-02-21 09:29:05,425 [ERROR] ConfigurationRetriever:140 - IOException on connection: citools.st.com
2023-02-21 09:29:05,426 [ERROR] ConfigurationRetriever:140 - IOException on connection: citools.st.com
2023-02-21 09:29:24,139 [ERROR] ConfigurationRetriever:140 - IOException on connection: citools.st.com
2023-02-21 09:29:24,141 [ERROR] ConfigurationRetriever:140 - IOException on connection: citools.st.com
2023-02-21 09:29:24,142 [ERROR] ConfigurationRetriever:140 - IOException on connection: citools.st.com
2023-02-21 09:31:45,142 [ERROR] ConfigurationRetriever:140 - IOException on connection: citools.st.com
2023-02-21 09:31:45,144 [ERROR] ConfigurationRetriever:140 - IOException on connection: citools.st.com
2023-02-21 09:31:45,146 [ERROR] ConfigurationRetriever:140 - IOException on connection: citools.st.com
2023-02-21 09:31:45,297 [ERROR] ConfigurationRetriever:140 - IOException on connection: citools.st.com
2023-02-21 09:31:45,298 [ERROR] ConfigurationRetriever:140 - IOException on connection: citools.st.com
2023-02-21 09:31:45,299 [ERROR] ConfigurationRetriever:140 - IOException on connection: citools.st.com
2023-02-21 10:24:18,006 [ERROR] ConfigurationRetriever:140 - IOException on connection: citools.st.com
2023-02-21 10:24:18,007 [ERROR] ConfigurationRetriever:140 - IOException on connection: citools.st.com
2023-02-21 10:24:18,008 [ERROR] ConfigurationRetriever:140 - IOException on connection: citools.st.com
2023-02-21 15:39:40,207 [INFO] Activator:179 - 


2023-02-21 15:39:40,214 [INFO] Activator:180 - !SESSION log4j initialized
2023-02-21 15:39:53,242 [ERROR] ConfigurationRetriever:140 - IOException on connection: citools.st.com
2023-02-21 15:39:53,245 [ERROR] ConfigurationRetriever:140 - IOException on connection: citools.st.com
2023-02-21 15:39:53,247 [ERROR] ConfigurationRetriever:140 - IOException on connection: citools.st.com
2023-02-21 15:40:16,306 [ERROR] LogOutputStream:74 - [STDERR_REDIRECT] SLF4J: Failed to load class "org.slf4j.impl.StaticLoggerBinder".
2023-02-21 15:40:16,306 [ERROR] LogOutputStream:74 - [STDERR_REDIRECT] SLF4J: Defaulting to no-operation (NOP) logger implementation
2023-02-21 15:40:16,306 [ERROR] LogOutputStream:74 - [STDERR_REDIRECT] SLF4J: See http://www.slf4j.org/codes.html#StaticLoggerBinder for further details.
2023-02-21 16:31:45,140 [ERROR] ConfigurationRetriever:140 - IOException on connection: citools.st.com
2023-02-21 16:31:45,140 [ERROR] ConfigurationRetriever:140 - IOException on connection: citools.st.com
2023-02-21 16:31:45,140 [ERROR] ConfigurationRetriever:140 - IOException on connection: citools.st.com
2023-02-21 16:33:34,777 [ERROR] ConfigurationRetriever:140 - IOException on connection: citools.st.com
2023-02-21 16:33:34,777 [ERROR] ConfigurationRetriever:140 - IOException on connection: citools.st.com
2023-02-21 16:33:34,777 [ERROR] ConfigurationRetriever:140 - IOException on connection: citools.st.com
2023-02-21 20:36:13,474 [ERROR] ConfigurationRetriever:140 - IOException on connection: citools.st.com
2023-02-21 20:36:13,474 [ERROR] ConfigurationRetriever:140 - IOException on connection: citools.st.com
2023-02-21 20:36:13,474 [ERROR] ConfigurationRetriever:140 - IOException on connection: citools.st.com
2023-02-21 20:45:54,657 [ERROR] ConfigurationRetriever:140 - IOException on connection: citools.st.com
2023-02-21 20:45:54,657 [ERROR] ConfigurationRetriever:140 - IOException on connection: citools.st.com
2023-02-21 20:45:54,657 [ERROR] ConfigurationRetriever:140 - IOException on connection: citools.st.com
2023-02-21 20:45:55,755 [ERROR] ConfigurationRetriever:140 - IOException on connection: citools.st.com
2023-02-21 20:45:55,755 [ERROR] ConfigurationRetriever:140 - IOException on connection: citools.st.com
2023-02-21 20:45:55,755 [ERROR] ConfigurationRetriever:140 - IOException on connection: citools.st.com
2023-02-21 23:01:10,794 [ERROR] ConfigurationRetriever:140 - IOException on connection: citools.st.com
2023-02-21 23:01:10,829 [ERROR] ConfigurationRetriever:140 - IOException on connection: citools.st.com
2023-02-21 23:01:10,830 [ERROR] ConfigurationRetriever:140 - IOException on connection: citools.st.com
2023-02-23 14:22:16,217 [INFO] Activator:179 - 


2023-02-23 14:22:16,217 [INFO] Activator:180 - !SESSION log4j initialized
2023-02-23 14:22:28,464 [ERROR] ConfigurationRetriever:140 - IOException on connection: citools.st.com
2023-02-23 14:22:28,464 [ERROR] ConfigurationRetriever:140 - IOException on connection: citools.st.com
2023-02-23 14:22:28,464 [ERROR] ConfigurationRetriever:140 - IOException on connection: citools.st.com
2023-02-23 14:22:51,549 [ERROR] LogOutputStream:74 - [STDERR_REDIRECT] SLF4J: Failed to load class "org.slf4j.impl.StaticLoggerBinder".
2023-02-23 14:22:51,549 [ERROR] LogOutputStream:74 - [STDERR_REDIRECT] SLF4J: Defaulting to no-operation (NOP) logger implementation
2023-02-23 14:22:51,549 [ERROR] LogOutputStream:74 - [STDERR_REDIRECT] SLF4J: See http://www.slf4j.org/codes.html#StaticLoggerBinder for further details.
2023-02-23 15:03:08,067 [ERROR] ConfigurationRetriever:140 - IOException on connection: citools.st.com
2023-02-23 15:03:08,067 [ERROR] ConfigurationRetriever:140 - IOException on connection: citools.st.com
2023-02-23 15:03:08,067 [ERROR] ConfigurationRetriever:140 - IOException on connection: citools.st.com
2023-02-23 15:03:40,647 [ERROR] ConfigurationRetriever:140 - IOException on connection: citools.st.com
2023-02-23 15:03:40,647 [ERROR] ConfigurationRetriever:140 - IOException on connection: citools.st.com
2023-02-23 15:03:40,647 [ERROR] ConfigurationRetriever:140 - IOException on connection: citools.st.com
2023-02-23 16:03:53,523 [ERROR] ConfigurationRetriever:140 - IOException on connection: citools.st.com
2023-02-23 16:03:53,525 [ERROR] ConfigurationRetriever:140 - IOException on connection: citools.st.com
2023-02-23 16:03:53,526 [ERROR] ConfigurationRetriever:140 - IOException on connection: citools.st.com
